<?xml version="1.0" encoding="UTF-8"?>
<!-- Generated by org.testng.reporters.JUnitXMLReporter -->
<testsuite ignored="0" hostname="LAPTOP-ML7ORHO5" failures="0" tests="6" name="Test" time="56.637" errors="0" timestamp="2024-03-14T17:40:36 IST">
  <testcase classname="testCases.DatadrivenLogin" name="DatadrivenLoginTests" time="5.252"/>
  <testcase classname="testCases.DatadrivenLogin" name="DatadrivenLoginTests" time="4.817"/>
  <testcase classname="testCases.DatadrivenLogin" name="DatadrivenLoginTests" time="5.303"/>
  <testcase classname="testCases.DatadrivenLogin" name="DatadrivenLoginTests" time="5.011"/>
  <testcase classname="testCases.TC002_createNewUser" name="createNewUser" time="10.226"/>
  <testcase classname="testCases.TC001_testLogin" name="testLogin" time="6.27"/>
</testsuite> <!-- Test -->
