<?xml version="1.0" encoding="UTF-8"?>
<testng-results ignored="0" total="1" passed="1" failed="0" skipped="0">
  <reporter-output>
  </reporter-output>
  <suite started-at="2024-03-14T17:56:17 IST" name="Suite" finished-at="2024-03-14T17:56:29 IST" duration-ms="11813">
    <groups>
    </groups>
    <test started-at="2024-03-14T17:56:17 IST" name="Test" finished-at="2024-03-14T17:56:29 IST" duration-ms="11813">
      <class name="testCases.TC001_testLogin">
        <test-method is-config="true" signature="setup(java.lang.String)[pri:0, instance:testCases.TC001_testLogin@1b7cc17c]" started-at="2024-03-14T17:56:17 IST" name="setup" finished-at="2024-03-14T17:56:22 IST" duration-ms="4896" status="PASS">
          <params>
            <param index="0">
              <value>
                <![CDATA[chrome]]>
              </value>
            </param>
          </params>
          <reporter-output>
          </reporter-output>
        </test-method> <!-- setup -->
        <test-method signature="testLogin()[pri:0, instance:testCases.TC001_testLogin@1b7cc17c]" started-at="2024-03-14T17:56:22 IST" name="testLogin" finished-at="2024-03-14T17:56:29 IST" duration-ms="6338" status="PASS">
          <reporter-output>
          </reporter-output>
        </test-method> <!-- testLogin -->
        <test-method is-config="true" signature="tearDown()[pri:0, instance:testCases.TC001_testLogin@1b7cc17c]" started-at="2024-03-14T17:56:29 IST" name="tearDown" finished-at="2024-03-14T17:56:29 IST" duration-ms="326" status="PASS">
          <reporter-output>
          </reporter-output>
        </test-method> <!-- tearDown -->
      </class> <!-- testCases.TC001_testLogin -->
    </test> <!-- Test -->
  </suite> <!-- Suite -->
</testng-results>
