<?xml version="1.0" encoding="UTF-8"?>
<testng-results ignored="0" total="6" passed="6" failed="0" skipped="0">
  <reporter-output>
  </reporter-output>
  <suite started-at="2024-03-14T17:39:39 IST" name="Suite" finished-at="2024-03-14T17:40:36 IST" duration-ms="56637">
    <groups>
    </groups>
    <test started-at="2024-03-14T17:39:39 IST" name="Test" finished-at="2024-03-14T17:40:36 IST" duration-ms="56637">
      <class name="testCases.TC002_createNewUser">
        <test-method is-config="true" signature="setup(java.lang.String)[pri:0, instance:testCases.TC002_createNewUser@1ff4931d]" started-at="2024-03-14T17:40:08 IST" name="setup" finished-at="2024-03-14T17:40:13 IST" duration-ms="4849" status="PASS">
          <params>
            <param index="0">
              <value>
                <![CDATA[chrome]]>
              </value>
            </param>
          </params>
          <reporter-output>
          </reporter-output>
        </test-method> <!-- setup -->
        <test-method signature="createNewUser()[pri:0, instance:testCases.TC002_createNewUser@1ff4931d]" started-at="2024-03-14T17:40:13 IST" name="createNewUser" finished-at="2024-03-14T17:40:23 IST" duration-ms="10226" status="PASS">
          <reporter-output>
          </reporter-output>
        </test-method> <!-- createNewUser -->
        <test-method is-config="true" signature="tearDown()[pri:0, instance:testCases.TC002_createNewUser@1ff4931d]" started-at="2024-03-14T17:40:23 IST" name="tearDown" finished-at="2024-03-14T17:40:24 IST" duration-ms="381" status="PASS">
          <reporter-output>
          </reporter-output>
        </test-method> <!-- tearDown -->
      </class> <!-- testCases.TC002_createNewUser -->
      <class name="testCases.DatadrivenLogin">
        <test-method is-config="true" signature="setup(java.lang.String)[pri:0, instance:testCases.DatadrivenLogin@24aed80c]" started-at="2024-03-14T17:39:40 IST" name="setup" finished-at="2024-03-14T17:39:46 IST" duration-ms="6758" status="PASS">
          <params>
            <param index="0">
              <value>
                <![CDATA[chrome]]>
              </value>
            </param>
          </params>
          <reporter-output>
          </reporter-output>
        </test-method> <!-- setup -->
        <test-method signature="DatadrivenLoginTests(java.lang.String,java.lang.String)[pri:0, instance:testCases.DatadrivenLogin@24aed80c]" started-at="2024-03-14T17:39:47 IST" name="DatadrivenLoginTests" data-provider="LoginData" finished-at="2024-03-14T17:39:53 IST" duration-ms="5252" status="PASS">
          <params>
            <param index="0">
              <value>
                <![CDATA[lexlut@gmail.com]]>
              </value>
            </param>
            <param index="1">
              <value>
                <![CDATA[Lexlut123]]>
              </value>
            </param>
          </params>
          <reporter-output>
          </reporter-output>
        </test-method> <!-- DatadrivenLoginTests -->
        <test-method signature="DatadrivenLoginTests(java.lang.String,java.lang.String)[pri:0, instance:testCases.DatadrivenLogin@24aed80c]" started-at="2024-03-14T17:39:53 IST" name="DatadrivenLoginTests" data-provider="LoginData" finished-at="2024-03-14T17:39:57 IST" duration-ms="4817" status="PASS">
          <params>
            <param index="0">
              <value>
                <![CDATA[clark23@gmail.com]]>
              </value>
            </param>
            <param index="1">
              <value>
                <![CDATA[Supes@123]]>
              </value>
            </param>
          </params>
          <reporter-output>
          </reporter-output>
        </test-method> <!-- DatadrivenLoginTests -->
        <test-method signature="DatadrivenLoginTests(java.lang.String,java.lang.String)[pri:0, instance:testCases.DatadrivenLogin@24aed80c]" started-at="2024-03-14T17:39:57 IST" name="DatadrivenLoginTests" data-provider="LoginData" finished-at="2024-03-14T17:40:03 IST" duration-ms="5303" status="PASS">
          <params>
            <param index="0">
              <value>
                <![CDATA[flash@gmail.com]]>
              </value>
            </param>
            <param index="1">
              <value>
                <![CDATA[Flash@flash]]>
              </value>
            </param>
          </params>
          <reporter-output>
          </reporter-output>
        </test-method> <!-- DatadrivenLoginTests -->
        <test-method signature="DatadrivenLoginTests(java.lang.String,java.lang.String)[pri:0, instance:testCases.DatadrivenLogin@24aed80c]" started-at="2024-03-14T17:40:03 IST" name="DatadrivenLoginTests" data-provider="LoginData" finished-at="2024-03-14T17:40:08 IST" duration-ms="5011" status="PASS">
          <params>
            <param index="0">
              <value>
                <![CDATA[tonyiron@gmail.com]]>
              </value>
            </param>
            <param index="1">
              <value>
                <![CDATA[TonyIron123]]>
              </value>
            </param>
          </params>
          <reporter-output>
          </reporter-output>
        </test-method> <!-- DatadrivenLoginTests -->
        <test-method is-config="true" signature="tearDown()[pri:0, instance:testCases.DatadrivenLogin@24aed80c]" started-at="2024-03-14T17:40:08 IST" name="tearDown" finished-at="2024-03-14T17:40:08 IST" duration-ms="353" status="PASS">
          <reporter-output>
          </reporter-output>
        </test-method> <!-- tearDown -->
      </class> <!-- testCases.DatadrivenLogin -->
      <class name="testCases.TC001_testLogin">
        <test-method is-config="true" signature="setup(java.lang.String)[pri:0, instance:testCases.TC001_testLogin@65e98b1c]" started-at="2024-03-14T17:40:24 IST" name="setup" finished-at="2024-03-14T17:40:29 IST" duration-ms="5878" status="PASS">
          <params>
            <param index="0">
              <value>
                <![CDATA[chrome]]>
              </value>
            </param>
          </params>
          <reporter-output>
          </reporter-output>
        </test-method> <!-- setup -->
        <test-method signature="testLogin()[pri:0, instance:testCases.TC001_testLogin@65e98b1c]" started-at="2024-03-14T17:40:29 IST" name="testLogin" finished-at="2024-03-14T17:40:36 IST" duration-ms="6270" status="PASS">
          <reporter-output>
          </reporter-output>
        </test-method> <!-- testLogin -->
        <test-method is-config="true" signature="tearDown()[pri:0, instance:testCases.TC001_testLogin@65e98b1c]" started-at="2024-03-14T17:40:36 IST" name="tearDown" finished-at="2024-03-14T17:40:36 IST" duration-ms="235" status="PASS">
          <reporter-output>
          </reporter-output>
        </test-method> <!-- tearDown -->
      </class> <!-- testCases.TC001_testLogin -->
    </test> <!-- Test -->
  </suite> <!-- Suite -->
</testng-results>
